2023-02-14T15:40:54.052+03:00  INFO 19984 --- [main] c.d.loanapplication.LoanApplication      : Starting LoanApplication using Java 17.0.6 with PID 19984 (D:\Patika\PatikaSpringFramework\loan-application\target\classes started by Oğuzhan Akçay in D:\Patika\PatikaSpringFramework\loan-application)
2023-02-14T15:40:54.054+03:00  INFO 19984 --- [main] c.d.loanapplication.LoanApplication      : No active profile set, falling back to 1 default profile: "default"
2023-02-14T15:40:54.445+03:00  INFO 19984 --- [main] .s.d.r.c.RepositoryConfigurationDelegate : Bootstrapping Spring Data JPA repositories in DEFAULT mode.
2023-02-14T15:40:54.489+03:00  INFO 19984 --- [main] .s.d.r.c.RepositoryConfigurationDelegate : Finished Spring Data repository scanning in 38 ms. Found 2 JPA repository interfaces.
2023-02-14T15:40:54.780+03:00  INFO 19984 --- [main] o.s.b.w.embedded.tomcat.TomcatWebServer  : Tomcat initialized with port(s): 9062 (http)
2023-02-14T15:40:54.786+03:00  INFO 19984 --- [main] o.apache.catalina.core.StandardService   : Starting service [Tomcat]
2023-02-14T15:40:54.786+03:00  INFO 19984 --- [main] o.apache.catalina.core.StandardEngine    : Starting Servlet engine: [Apache Tomcat/10.1.5]
2023-02-14T15:40:54.847+03:00  INFO 19984 --- [main] o.a.c.c.C.[Tomcat].[localhost].[/]       : Initializing Spring embedded WebApplicationContext
2023-02-14T15:40:54.847+03:00  INFO 19984 --- [main] w.s.c.ServletWebServerApplicationContext : Root WebApplicationContext: initialization completed in 765 ms
2023-02-14T15:40:54.936+03:00  INFO 19984 --- [main] o.hibernate.jpa.internal.util.LogHelper  : HHH000204: Processing PersistenceUnitInfo [name: default]
2023-02-14T15:40:54.968+03:00  INFO 19984 --- [main] org.hibernate.Version                    : HHH000412: Hibernate ORM core version 6.1.6.Final
2023-02-14T15:40:55.069+03:00  WARN 19984 --- [main] org.hibernate.orm.deprecation            : HHH90000021: Encountered deprecated setting [javax.persistence.sharedCache.mode], use [jakarta.persistence.sharedCache.mode] instead
2023-02-14T15:40:55.144+03:00  INFO 19984 --- [main] com.zaxxer.hikari.HikariDataSource       : HikariPool-1 - Starting...
2023-02-14T15:40:55.146+03:00  WARN 19984 --- [main] c.zaxxer.hikari.util.DriverDataSource    : Registered driver with driverClassName=com.mysql.jdbc.Driver was not found, trying direct instantiation.
2023-02-14T15:40:55.243+03:00  INFO 19984 --- [main] com.zaxxer.hikari.pool.HikariPool        : HikariPool-1 - Added connection com.mysql.cj.jdbc.ConnectionImpl@3d512652
2023-02-14T15:40:55.244+03:00  INFO 19984 --- [main] com.zaxxer.hikari.HikariDataSource       : HikariPool-1 - Start completed.
2023-02-14T15:40:55.256+03:00  INFO 19984 --- [main] SQL dialect                              : HHH000400: Using dialect: org.hibernate.dialect.MySQL5Dialect
2023-02-14T15:40:55.257+03:00  WARN 19984 --- [main] org.hibernate.orm.deprecation            : HHH90000026: MySQL5Dialect has been deprecated; use org.hibernate.dialect.MySQLDialect instead
2023-02-14T15:40:55.841+03:00  INFO 19984 --- [main] o.h.e.t.j.p.i.JtaPlatformInitiator       : HHH000490: Using JtaPlatform implementation: [org.hibernate.engine.transaction.jta.platform.internal.NoJtaPlatform]
2023-02-14T15:40:55.849+03:00  INFO 19984 --- [main] j.LocalContainerEntityManagerFactoryBean : Initialized JPA EntityManagerFactory for persistence unit 'default'
2023-02-14T15:40:56.106+03:00  WARN 19984 --- [main] JpaBaseConfiguration$JpaWebConfiguration : spring.jpa.open-in-view is enabled by default. Therefore, database queries may be performed during view rendering. Explicitly configure spring.jpa.open-in-view to disable this warning
2023-02-14T15:40:56.303+03:00  INFO 19984 --- [main] o.s.b.w.embedded.tomcat.TomcatWebServer  : Tomcat started on port(s): 9062 (http) with context path ''
2023-02-14T15:40:56.308+03:00  INFO 19984 --- [main] c.d.loanapplication.LoanApplication      : Started LoanApplication in 2.645 seconds (process running for 3.06)
2023-02-14T15:40:59.853+03:00  INFO 19984 --- [http-nio-9062-exec-2] o.a.c.c.C.[Tomcat].[localhost].[/]       : Initializing Spring DispatcherServlet 'dispatcherServlet'
2023-02-14T15:40:59.853+03:00  INFO 19984 --- [http-nio-9062-exec-2] o.s.web.servlet.DispatcherServlet        : Initializing Servlet 'dispatcherServlet'
2023-02-14T15:40:59.854+03:00  INFO 19984 --- [http-nio-9062-exec-2] o.s.web.servlet.DispatcherServlet        : Completed initialization in 1 ms
2023-02-14T15:41:37.227+03:00  INFO 19984 --- [SpringApplicationShutdownHook] j.LocalContainerEntityManagerFactoryBean : Closing JPA EntityManagerFactory for persistence unit 'default'
2023-02-14T15:41:37.228+03:00  INFO 19984 --- [SpringApplicationShutdownHook] com.zaxxer.hikari.HikariDataSource       : HikariPool-1 - Shutdown initiated...
2023-02-14T15:41:37.234+03:00  INFO 19984 --- [SpringApplicationShutdownHook] com.zaxxer.hikari.HikariDataSource       : HikariPool-1 - Shutdown completed.
2023-02-14T15:41:40.544+03:00  INFO 21312 --- [main] c.d.loanapplication.LoanApplication      : Starting LoanApplication using Java 17.0.6 with PID 21312 (D:\Patika\PatikaSpringFramework\loan-application\target\classes started by Oğuzhan Akçay in D:\Patika\PatikaSpringFramework\loan-application)
2023-02-14T15:41:40.545+03:00  INFO 21312 --- [main] c.d.loanapplication.LoanApplication      : No active profile set, falling back to 1 default profile: "default"
2023-02-14T15:41:40.912+03:00  INFO 21312 --- [main] .s.d.r.c.RepositoryConfigurationDelegate : Bootstrapping Spring Data JPA repositories in DEFAULT mode.
2023-02-14T15:41:40.954+03:00  INFO 21312 --- [main] .s.d.r.c.RepositoryConfigurationDelegate : Finished Spring Data repository scanning in 37 ms. Found 2 JPA repository interfaces.
2023-02-14T15:41:41.241+03:00  INFO 21312 --- [main] o.s.b.w.embedded.tomcat.TomcatWebServer  : Tomcat initialized with port(s): 9062 (http)
2023-02-14T15:41:41.248+03:00  INFO 21312 --- [main] o.apache.catalina.core.StandardService   : Starting service [Tomcat]
2023-02-14T15:41:41.248+03:00  INFO 21312 --- [main] o.apache.catalina.core.StandardEngine    : Starting Servlet engine: [Apache Tomcat/10.1.5]
2023-02-14T15:41:41.313+03:00  INFO 21312 --- [main] o.a.c.c.C.[Tomcat].[localhost].[/]       : Initializing Spring embedded WebApplicationContext
2023-02-14T15:41:41.313+03:00  INFO 21312 --- [main] w.s.c.ServletWebServerApplicationContext : Root WebApplicationContext: initialization completed in 741 ms
2023-02-14T15:41:41.404+03:00  INFO 21312 --- [main] o.hibernate.jpa.internal.util.LogHelper  : HHH000204: Processing PersistenceUnitInfo [name: default]
2023-02-14T15:41:41.436+03:00  INFO 21312 --- [main] org.hibernate.Version                    : HHH000412: Hibernate ORM core version 6.1.6.Final
2023-02-14T15:41:41.538+03:00  WARN 21312 --- [main] org.hibernate.orm.deprecation            : HHH90000021: Encountered deprecated setting [javax.persistence.sharedCache.mode], use [jakarta.persistence.sharedCache.mode] instead
2023-02-14T15:41:41.613+03:00  INFO 21312 --- [main] com.zaxxer.hikari.HikariDataSource       : HikariPool-1 - Starting...
2023-02-14T15:41:41.616+03:00  WARN 21312 --- [main] c.zaxxer.hikari.util.DriverDataSource    : Registered driver with driverClassName=com.mysql.jdbc.Driver was not found, trying direct instantiation.
2023-02-14T15:41:41.710+03:00  INFO 21312 --- [main] com.zaxxer.hikari.pool.HikariPool        : HikariPool-1 - Added connection com.mysql.cj.jdbc.ConnectionImpl@2b170932
2023-02-14T15:41:41.711+03:00  INFO 21312 --- [main] com.zaxxer.hikari.HikariDataSource       : HikariPool-1 - Start completed.
2023-02-14T15:41:41.723+03:00  INFO 21312 --- [main] SQL dialect                              : HHH000400: Using dialect: org.hibernate.dialect.MySQL5Dialect
2023-02-14T15:41:41.723+03:00  WARN 21312 --- [main] org.hibernate.orm.deprecation            : HHH90000026: MySQL5Dialect has been deprecated; use org.hibernate.dialect.MySQLDialect instead
2023-02-14T15:41:42.305+03:00  INFO 21312 --- [main] o.h.e.t.j.p.i.JtaPlatformInitiator       : HHH000490: Using JtaPlatform implementation: [org.hibernate.engine.transaction.jta.platform.internal.NoJtaPlatform]
2023-02-14T15:41:42.312+03:00  INFO 21312 --- [main] j.LocalContainerEntityManagerFactoryBean : Initialized JPA EntityManagerFactory for persistence unit 'default'
2023-02-14T15:41:42.523+03:00  WARN 21312 --- [main] ConfigServletWebServerApplicationContext : Exception encountered during context initialization - cancelling refresh attempt: org.springframework.beans.factory.BeanCreationException: Error creating bean with name 'userController' defined in file [D:\Patika\PatikaSpringFramework\loan-application\target\classes\com\cagri\loanapplication\controller\UserController.class]: Failed to instantiate [controller.com.cagri.loanapplication.UserController]: Constructor threw exception
2023-02-14T15:41:42.524+03:00  INFO 21312 --- [main] j.LocalContainerEntityManagerFactoryBean : Closing JPA EntityManagerFactory for persistence unit 'default'
2023-02-14T15:41:42.525+03:00  INFO 21312 --- [main] com.zaxxer.hikari.HikariDataSource       : HikariPool-1 - Shutdown initiated...
2023-02-14T15:41:42.530+03:00  INFO 21312 --- [main] com.zaxxer.hikari.HikariDataSource       : HikariPool-1 - Shutdown completed.
2023-02-14T15:41:42.532+03:00  INFO 21312 --- [main] o.apache.catalina.core.StandardService   : Stopping service [Tomcat]
2023-02-14T15:41:42.538+03:00  INFO 21312 --- [main] .s.b.a.l.ConditionEvaluationReportLogger : 

Error starting ApplicationContext. To display the condition evaluation report re-run your application with 'debug' enabled.
2023-02-14T15:41:42.549+03:00 ERROR 21312 --- [main] o.s.boot.SpringApplication               : Application run failed

org.springframework.beans.factory.BeanCreationException: Error creating bean with name 'userController' defined in file [D:\Patika\PatikaSpringFramework\loan-application\target\classes\com\cagri\loanapplication\controller\UserController.class]: Failed to instantiate [controller.com.cagri.loanapplication.UserController]: Constructor threw exception
	at org.springframework.beans.factory.support.ConstructorResolver.instantiate(ConstructorResolver.java:324) ~[spring-beans-6.0.4.jar:6.0.4]
	at org.springframework.beans.factory.support.ConstructorResolver.autowireConstructor(ConstructorResolver.java:312) ~[spring-beans-6.0.4.jar:6.0.4]
	at org.springframework.beans.factory.support.AbstractAutowireCapableBeanFactory.autowireConstructor(AbstractAutowireCapableBeanFactory.java:1344) ~[spring-beans-6.0.4.jar:6.0.4]
	at org.springframework.beans.factory.support.AbstractAutowireCapableBeanFactory.createBeanInstance(AbstractAutowireCapableBeanFactory.java:1188) ~[spring-beans-6.0.4.jar:6.0.4]
	at org.springframework.beans.factory.support.AbstractAutowireCapableBeanFactory.doCreateBean(AbstractAutowireCapableBeanFactory.java:561) ~[spring-beans-6.0.4.jar:6.0.4]
	at org.springframework.beans.factory.support.AbstractAutowireCapableBeanFactory.createBean(AbstractAutowireCapableBeanFactory.java:521) ~[spring-beans-6.0.4.jar:6.0.4]
	at org.springframework.beans.factory.support.AbstractBeanFactory.lambda$doGetBean$0(AbstractBeanFactory.java:326) ~[spring-beans-6.0.4.jar:6.0.4]
	at org.springframework.beans.factory.support.DefaultSingletonBeanRegistry.getSingleton(DefaultSingletonBeanRegistry.java:234) ~[spring-beans-6.0.4.jar:6.0.4]
	at org.springframework.beans.factory.support.AbstractBeanFactory.doGetBean(AbstractBeanFactory.java:324) ~[spring-beans-6.0.4.jar:6.0.4]
	at org.springframework.beans.factory.support.AbstractBeanFactory.getBean(AbstractBeanFactory.java:200) ~[spring-beans-6.0.4.jar:6.0.4]
	at org.springframework.beans.factory.support.DefaultListableBeanFactory.preInstantiateSingletons(DefaultListableBeanFactory.java:961) ~[spring-beans-6.0.4.jar:6.0.4]
	at org.springframework.context.support.AbstractApplicationContext.finishBeanFactoryInitialization(AbstractApplicationContext.java:915) ~[spring-context-6.0.4.jar:6.0.4]
	at org.springframework.context.support.AbstractApplicationContext.refresh(AbstractApplicationContext.java:584) ~[spring-context-6.0.4.jar:6.0.4]
	at org.springframework.boot.web.servlet.context.ServletWebServerApplicationContext.refresh(ServletWebServerApplicationContext.java:146) ~[spring-boot-3.0.2.jar:3.0.2]
	at org.springframework.boot.SpringApplication.refresh(SpringApplication.java:730) ~[spring-boot-3.0.2.jar:3.0.2]
	at org.springframework.boot.SpringApplication.refreshContext(SpringApplication.java:432) ~[spring-boot-3.0.2.jar:3.0.2]
	at org.springframework.boot.SpringApplication.run(SpringApplication.java:308) ~[spring-boot-3.0.2.jar:3.0.2]
	at org.springframework.boot.SpringApplication.run(SpringApplication.java:1302) ~[spring-boot-3.0.2.jar:3.0.2]
	at org.springframework.boot.SpringApplication.run(SpringApplication.java:1291) ~[spring-boot-3.0.2.jar:3.0.2]
	at com.cagri.loanapplication.LoanApplication.main(LoanApplication.java:21) ~[classes/:na]
Caused by: org.springframework.beans.BeanInstantiationException: Failed to instantiate [controller.com.cagri.loanapplication.UserController]: Constructor threw exception
	at org.springframework.beans.BeanUtils.instantiateClass(BeanUtils.java:223) ~[spring-beans-6.0.4.jar:6.0.4]
	at org.springframework.beans.factory.support.SimpleInstantiationStrategy.instantiate(SimpleInstantiationStrategy.java:110) ~[spring-beans-6.0.4.jar:6.0.4]
	at org.springframework.beans.factory.support.ConstructorResolver.instantiate(ConstructorResolver.java:321) ~[spring-beans-6.0.4.jar:6.0.4]
	... 19 common frames omitted
Caused by: java.lang.ClassCastException: class ch.qos.logback.classic.Logger cannot be cast to class java.util.logging.Logger (ch.qos.logback.classic.Logger is in unnamed module of loader 'app'; java.util.logging.Logger is in module java.logging of loader 'bootstrap')
	at controller.com.cagri.loanapplication.UserController.<init>(UserController.java:24) ~[classes/:na]
	at java.base/jdk.internal.reflect.NativeConstructorAccessorImpl.newInstance0(Native Method) ~[na:na]
	at java.base/jdk.internal.reflect.NativeConstructorAccessorImpl.newInstance(NativeConstructorAccessorImpl.java:77) ~[na:na]
	at java.base/jdk.internal.reflect.DelegatingConstructorAccessorImpl.newInstance(DelegatingConstructorAccessorImpl.java:45) ~[na:na]
	at java.base/java.lang.reflect.Constructor.newInstanceWithCaller(Constructor.java:499) ~[na:na]
	at java.base/java.lang.reflect.Constructor.newInstance(Constructor.java:480) ~[na:na]
	at org.springframework.beans.BeanUtils.instantiateClass(BeanUtils.java:210) ~[spring-beans-6.0.4.jar:6.0.4]
	... 21 common frames omitted

2023-02-14T15:42:54.254+03:00  INFO 16880 --- [main] c.d.loanapplication.LoanApplication      : Starting LoanApplication using Java 17.0.6 with PID 16880 (D:\Patika\PatikaSpringFramework\loan-application\target\classes started by Oğuzhan Akçay in D:\Patika\PatikaSpringFramework\loan-application)
2023-02-14T15:42:54.256+03:00  INFO 16880 --- [main] c.d.loanapplication.LoanApplication      : No active profile set, falling back to 1 default profile: "default"
2023-02-14T15:42:54.630+03:00  INFO 16880 --- [main] .s.d.r.c.RepositoryConfigurationDelegate : Bootstrapping Spring Data JPA repositories in DEFAULT mode.
2023-02-14T15:42:54.674+03:00  INFO 16880 --- [main] .s.d.r.c.RepositoryConfigurationDelegate : Finished Spring Data repository scanning in 38 ms. Found 2 JPA repository interfaces.
2023-02-14T15:42:54.967+03:00  INFO 16880 --- [main] o.s.b.w.embedded.tomcat.TomcatWebServer  : Tomcat initialized with port(s): 9062 (http)
2023-02-14T15:42:54.973+03:00  INFO 16880 --- [main] o.apache.catalina.core.StandardService   : Starting service [Tomcat]
2023-02-14T15:42:54.973+03:00  INFO 16880 --- [main] o.apache.catalina.core.StandardEngine    : Starting Servlet engine: [Apache Tomcat/10.1.5]
2023-02-14T15:42:55.035+03:00  INFO 16880 --- [main] o.a.c.c.C.[Tomcat].[localhost].[/]       : Initializing Spring embedded WebApplicationContext
2023-02-14T15:42:55.035+03:00  INFO 16880 --- [main] w.s.c.ServletWebServerApplicationContext : Root WebApplicationContext: initialization completed in 753 ms
2023-02-14T15:42:55.123+03:00  INFO 16880 --- [main] o.hibernate.jpa.internal.util.LogHelper  : HHH000204: Processing PersistenceUnitInfo [name: default]
2023-02-14T15:42:55.153+03:00  INFO 16880 --- [main] org.hibernate.Version                    : HHH000412: Hibernate ORM core version 6.1.6.Final
2023-02-14T15:42:55.262+03:00  WARN 16880 --- [main] org.hibernate.orm.deprecation            : HHH90000021: Encountered deprecated setting [javax.persistence.sharedCache.mode], use [jakarta.persistence.sharedCache.mode] instead
2023-02-14T15:42:55.339+03:00  INFO 16880 --- [main] com.zaxxer.hikari.HikariDataSource       : HikariPool-1 - Starting...
2023-02-14T15:42:55.341+03:00  WARN 16880 --- [main] c.zaxxer.hikari.util.DriverDataSource    : Registered driver with driverClassName=com.mysql.jdbc.Driver was not found, trying direct instantiation.
2023-02-14T15:42:55.436+03:00  INFO 16880 --- [main] com.zaxxer.hikari.pool.HikariPool        : HikariPool-1 - Added connection com.mysql.cj.jdbc.ConnectionImpl@5dfc2a4
2023-02-14T15:42:55.437+03:00  INFO 16880 --- [main] com.zaxxer.hikari.HikariDataSource       : HikariPool-1 - Start completed.
2023-02-14T15:42:55.449+03:00  INFO 16880 --- [main] SQL dialect                              : HHH000400: Using dialect: org.hibernate.dialect.MySQL5Dialect
2023-02-14T15:42:55.450+03:00  WARN 16880 --- [main] org.hibernate.orm.deprecation            : HHH90000026: MySQL5Dialect has been deprecated; use org.hibernate.dialect.MySQLDialect instead
2023-02-14T15:42:56.035+03:00  INFO 16880 --- [main] o.h.e.t.j.p.i.JtaPlatformInitiator       : HHH000490: Using JtaPlatform implementation: [org.hibernate.engine.transaction.jta.platform.internal.NoJtaPlatform]
2023-02-14T15:42:56.041+03:00  INFO 16880 --- [main] j.LocalContainerEntityManagerFactoryBean : Initialized JPA EntityManagerFactory for persistence unit 'default'
2023-02-14T15:42:56.273+03:00  WARN 16880 --- [main] JpaBaseConfiguration$JpaWebConfiguration : spring.jpa.open-in-view is enabled by default. Therefore, database queries may be performed during view rendering. Explicitly configure spring.jpa.open-in-view to disable this warning
2023-02-14T15:42:56.466+03:00  INFO 16880 --- [main] o.s.b.w.embedded.tomcat.TomcatWebServer  : Tomcat started on port(s): 9062 (http) with context path ''
2023-02-14T15:42:56.471+03:00  INFO 16880 --- [main] c.d.loanapplication.LoanApplication      : Started LoanApplication in 2.53 seconds (process running for 2.953)
2023-02-14T15:43:03.137+03:00  INFO 16880 --- [http-nio-9062-exec-1] o.a.c.c.C.[Tomcat].[localhost].[/]       : Initializing Spring DispatcherServlet 'dispatcherServlet'
2023-02-14T15:43:03.138+03:00  INFO 16880 --- [http-nio-9062-exec-1] o.s.web.servlet.DispatcherServlet        : Initializing Servlet 'dispatcherServlet'
2023-02-14T15:43:03.138+03:00  INFO 16880 --- [http-nio-9062-exec-1] o.s.web.servlet.DispatcherServlet        : Completed initialization in 0 ms
2023-02-14T15:44:49.433+03:00  INFO 16880 --- [SpringApplicationShutdownHook] j.LocalContainerEntityManagerFactoryBean : Closing JPA EntityManagerFactory for persistence unit 'default'
2023-02-14T15:44:49.434+03:00  INFO 16880 --- [SpringApplicationShutdownHook] com.zaxxer.hikari.HikariDataSource       : HikariPool-1 - Shutdown initiated...
2023-02-14T15:44:49.440+03:00  INFO 16880 --- [SpringApplicationShutdownHook] com.zaxxer.hikari.HikariDataSource       : HikariPool-1 - Shutdown completed.
2023-02-14T15:45:38.659+03:00  INFO 11004 --- [main] c.d.loanapplication.LoanApplication      : Starting LoanApplication using Java 17.0.6 with PID 11004 (D:\Patika\PatikaSpringFramework\loan-application\target\classes started by Oğuzhan Akçay in D:\Patika\PatikaSpringFramework\loan-application)
2023-02-14T15:45:38.661+03:00  INFO 11004 --- [main] c.d.loanapplication.LoanApplication      : No active profile set, falling back to 1 default profile: "default"
2023-02-14T15:45:39.130+03:00  INFO 11004 --- [main] .s.d.r.c.RepositoryConfigurationDelegate : Bootstrapping Spring Data JPA repositories in DEFAULT mode.
2023-02-14T15:45:39.181+03:00  INFO 11004 --- [main] .s.d.r.c.RepositoryConfigurationDelegate : Finished Spring Data repository scanning in 40 ms. Found 2 JPA repository interfaces.
2023-02-14T15:45:39.467+03:00  INFO 11004 --- [main] o.s.b.w.embedded.tomcat.TomcatWebServer  : Tomcat initialized with port(s): 9062 (http)
2023-02-14T15:45:39.474+03:00  INFO 11004 --- [main] o.apache.catalina.core.StandardService   : Starting service [Tomcat]
2023-02-14T15:45:39.474+03:00  INFO 11004 --- [main] o.apache.catalina.core.StandardEngine    : Starting Servlet engine: [Apache Tomcat/10.1.5]
2023-02-14T15:45:39.535+03:00  INFO 11004 --- [main] o.a.c.c.C.[Tomcat].[localhost].[/]       : Initializing Spring embedded WebApplicationContext
2023-02-14T15:45:39.535+03:00  INFO 11004 --- [main] w.s.c.ServletWebServerApplicationContext : Root WebApplicationContext: initialization completed in 846 ms
2023-02-14T15:45:39.622+03:00  INFO 11004 --- [main] o.hibernate.jpa.internal.util.LogHelper  : HHH000204: Processing PersistenceUnitInfo [name: default]
2023-02-14T15:45:39.654+03:00  INFO 11004 --- [main] org.hibernate.Version                    : HHH000412: Hibernate ORM core version 6.1.6.Final
2023-02-14T15:45:39.760+03:00  WARN 11004 --- [main] org.hibernate.orm.deprecation            : HHH90000021: Encountered deprecated setting [javax.persistence.sharedCache.mode], use [jakarta.persistence.sharedCache.mode] instead
2023-02-14T15:45:39.838+03:00  INFO 11004 --- [main] com.zaxxer.hikari.HikariDataSource       : HikariPool-1 - Starting...
2023-02-14T15:45:39.840+03:00  WARN 11004 --- [main] c.zaxxer.hikari.util.DriverDataSource    : Registered driver with driverClassName=com.mysql.jdbc.Driver was not found, trying direct instantiation.
2023-02-14T15:45:39.941+03:00  INFO 11004 --- [main] com.zaxxer.hikari.pool.HikariPool        : HikariPool-1 - Added connection com.mysql.cj.jdbc.ConnectionImpl@3120495d
2023-02-14T15:45:39.942+03:00  INFO 11004 --- [main] com.zaxxer.hikari.HikariDataSource       : HikariPool-1 - Start completed.
2023-02-14T15:45:39.954+03:00  INFO 11004 --- [main] SQL dialect                              : HHH000400: Using dialect: org.hibernate.dialect.MySQL5Dialect
2023-02-14T15:45:39.954+03:00  WARN 11004 --- [main] org.hibernate.orm.deprecation            : HHH90000026: MySQL5Dialect has been deprecated; use org.hibernate.dialect.MySQLDialect instead
2023-02-14T15:45:40.541+03:00  INFO 11004 --- [main] o.h.e.t.j.p.i.JtaPlatformInitiator       : HHH000490: Using JtaPlatform implementation: [org.hibernate.engine.transaction.jta.platform.internal.NoJtaPlatform]
2023-02-14T15:45:40.547+03:00  INFO 11004 --- [main] j.LocalContainerEntityManagerFactoryBean : Initialized JPA EntityManagerFactory for persistence unit 'default'
2023-02-14T15:45:40.783+03:00  WARN 11004 --- [main] JpaBaseConfiguration$JpaWebConfiguration : spring.jpa.open-in-view is enabled by default. Therefore, database queries may be performed during view rendering. Explicitly configure spring.jpa.open-in-view to disable this warning
2023-02-14T15:45:40.982+03:00  INFO 11004 --- [main] o.s.b.w.embedded.tomcat.TomcatWebServer  : Tomcat started on port(s): 9062 (http) with context path ''
2023-02-14T15:45:40.988+03:00  INFO 11004 --- [main] c.d.loanapplication.LoanApplication      : Started LoanApplication in 2.633 seconds (process running for 3.18)
2023-02-14T15:45:48.185+03:00  INFO 11004 --- [http-nio-9062-exec-1] o.a.c.c.C.[Tomcat].[localhost].[/]       : Initializing Spring DispatcherServlet 'dispatcherServlet'
2023-02-14T15:45:48.185+03:00  INFO 11004 --- [http-nio-9062-exec-1] o.s.web.servlet.DispatcherServlet        : Initializing Servlet 'dispatcherServlet'
2023-02-14T15:45:48.186+03:00  INFO 11004 --- [http-nio-9062-exec-1] o.s.web.servlet.DispatcherServlet        : Completed initialization in 0 ms
2023-02-14T15:46:44.137+03:00  INFO 11004 --- [SpringApplicationShutdownHook] j.LocalContainerEntityManagerFactoryBean : Closing JPA EntityManagerFactory for persistence unit 'default'
2023-02-14T15:46:44.139+03:00  INFO 11004 --- [SpringApplicationShutdownHook] com.zaxxer.hikari.HikariDataSource       : HikariPool-1 - Shutdown initiated...
2023-02-14T15:46:44.144+03:00  INFO 11004 --- [SpringApplicationShutdownHook] com.zaxxer.hikari.HikariDataSource       : HikariPool-1 - Shutdown completed.
2023-02-14T15:46:47.372+03:00  INFO 16428 --- [main] c.d.loanapplication.LoanApplication      : Starting LoanApplication using Java 17.0.6 with PID 16428 (D:\Patika\PatikaSpringFramework\loan-application\target\classes started by Oğuzhan Akçay in D:\Patika\PatikaSpringFramework\loan-application)
2023-02-14T15:46:47.374+03:00  INFO 16428 --- [main] c.d.loanapplication.LoanApplication      : No active profile set, falling back to 1 default profile: "default"
2023-02-14T15:46:47.763+03:00  INFO 16428 --- [main] .s.d.r.c.RepositoryConfigurationDelegate : Bootstrapping Spring Data JPA repositories in DEFAULT mode.
2023-02-14T15:46:47.803+03:00  INFO 16428 --- [main] .s.d.r.c.RepositoryConfigurationDelegate : Finished Spring Data repository scanning in 34 ms. Found 2 JPA repository interfaces.
2023-02-14T15:46:48.151+03:00  INFO 16428 --- [main] o.s.b.w.embedded.tomcat.TomcatWebServer  : Tomcat initialized with port(s): 9062 (http)
2023-02-14T15:46:48.158+03:00  INFO 16428 --- [main] o.apache.catalina.core.StandardService   : Starting service [Tomcat]
2023-02-14T15:46:48.158+03:00  INFO 16428 --- [main] o.apache.catalina.core.StandardEngine    : Starting Servlet engine: [Apache Tomcat/10.1.5]
2023-02-14T15:46:48.222+03:00  INFO 16428 --- [main] o.a.c.c.C.[Tomcat].[localhost].[/]       : Initializing Spring embedded WebApplicationContext
2023-02-14T15:46:48.222+03:00  INFO 16428 --- [main] w.s.c.ServletWebServerApplicationContext : Root WebApplicationContext: initialization completed in 820 ms
2023-02-14T15:46:48.310+03:00  INFO 16428 --- [main] o.hibernate.jpa.internal.util.LogHelper  : HHH000204: Processing PersistenceUnitInfo [name: default]
2023-02-14T15:46:48.343+03:00  INFO 16428 --- [main] org.hibernate.Version                    : HHH000412: Hibernate ORM core version 6.1.6.Final
2023-02-14T15:46:48.453+03:00  WARN 16428 --- [main] org.hibernate.orm.deprecation            : HHH90000021: Encountered deprecated setting [javax.persistence.sharedCache.mode], use [jakarta.persistence.sharedCache.mode] instead
2023-02-14T15:46:48.532+03:00  INFO 16428 --- [main] com.zaxxer.hikari.HikariDataSource       : HikariPool-1 - Starting...
2023-02-14T15:46:48.534+03:00  WARN 16428 --- [main] c.zaxxer.hikari.util.DriverDataSource    : Registered driver with driverClassName=com.mysql.jdbc.Driver was not found, trying direct instantiation.
2023-02-14T15:46:48.638+03:00  INFO 16428 --- [main] com.zaxxer.hikari.pool.HikariPool        : HikariPool-1 - Added connection com.mysql.cj.jdbc.ConnectionImpl@3120495d
2023-02-14T15:46:48.639+03:00  INFO 16428 --- [main] com.zaxxer.hikari.HikariDataSource       : HikariPool-1 - Start completed.
2023-02-14T15:46:48.651+03:00  INFO 16428 --- [main] SQL dialect                              : HHH000400: Using dialect: org.hibernate.dialect.MySQL5Dialect
2023-02-14T15:46:48.651+03:00  WARN 16428 --- [main] org.hibernate.orm.deprecation            : HHH90000026: MySQL5Dialect has been deprecated; use org.hibernate.dialect.MySQLDialect instead
2023-02-14T15:46:49.251+03:00  INFO 16428 --- [main] o.h.e.t.j.p.i.JtaPlatformInitiator       : HHH000490: Using JtaPlatform implementation: [org.hibernate.engine.transaction.jta.platform.internal.NoJtaPlatform]
2023-02-14T15:46:49.258+03:00  INFO 16428 --- [main] j.LocalContainerEntityManagerFactoryBean : Initialized JPA EntityManagerFactory for persistence unit 'default'
2023-02-14T15:46:49.492+03:00  WARN 16428 --- [main] JpaBaseConfiguration$JpaWebConfiguration : spring.jpa.open-in-view is enabled by default. Therefore, database queries may be performed during view rendering. Explicitly configure spring.jpa.open-in-view to disable this warning
2023-02-14T15:46:49.702+03:00  INFO 16428 --- [main] o.s.b.w.embedded.tomcat.TomcatWebServer  : Tomcat started on port(s): 9062 (http) with context path ''
2023-02-14T15:46:49.708+03:00  INFO 16428 --- [main] c.d.loanapplication.LoanApplication      : Started LoanApplication in 2.654 seconds (process running for 3.08)
2023-02-14T15:46:49.889+03:00  INFO 16428 --- [http-nio-9062-exec-1] o.a.c.c.C.[Tomcat].[localhost].[/]       : Initializing Spring DispatcherServlet 'dispatcherServlet'
2023-02-14T15:46:49.889+03:00  INFO 16428 --- [http-nio-9062-exec-1] o.s.web.servlet.DispatcherServlet        : Initializing Servlet 'dispatcherServlet'
2023-02-14T15:46:49.890+03:00  INFO 16428 --- [http-nio-9062-exec-1] o.s.web.servlet.DispatcherServlet        : Completed initialization in 0 ms
2023-02-14T16:21:33.322+03:00  INFO 16428 --- [SpringApplicationShutdownHook] j.LocalContainerEntityManagerFactoryBean : Closing JPA EntityManagerFactory for persistence unit 'default'
2023-02-14T16:21:33.323+03:00  INFO 16428 --- [SpringApplicationShutdownHook] com.zaxxer.hikari.HikariDataSource       : HikariPool-1 - Shutdown initiated...
2023-02-14T16:21:33.325+03:00  INFO 16428 --- [SpringApplicationShutdownHook] com.zaxxer.hikari.HikariDataSource       : HikariPool-1 - Shutdown completed.
